[31May2025 20:36:00.682] [main/INFO] [FabricLoader/GameProvider/]: Loading Minecraft 1.20.4 Arclight arclight-1.20.4-1.0.4-80ec5df with Fabric Loader 0.15.11
mainEx[31May2025 20:36:00.847] [main/INFO] [FabricLoader/]: Loading 44 mods:
	- arclight 1.0.4+80ec5df
	- fabric-api 0.97.1+1.20.4
	   |-- fabric-api-base 0.4.37+78d798af4f
	   |-- fabric-api-lookup-api-v1 1.6.50+82b1bb3e4f
	   |-- fabric-biome-api-v1 13.0.17+78d798af4f
	   |-- fabric-block-api-v1 1.0.17+3e2216cb4f
	   |-- fabric-block-view-api-v2 1.0.5+78d798af4f
	   |-- fabric-blockrenderlayer-v1 1.1.47+78d798af4f
	   |-- fabric-client-tags-api-v1 1.1.8+78d798af4f
	   |-- fabric-command-api-v1 1.2.42+f71b366f4f
	   |-- fabric-command-api-v2 2.2.21+78d798af4f
	   |-- fabric-commands-v0 0.2.59+df3654b34f
	   |-- fabric-containers-v0 0.1.87+df3654b34f
	   |-- fabric-content-registries-v0 5.0.16+78d798af4f
	   |-- fabric-convention-tags-v1 1.5.11+78d798af4f
	   |-- fabric-crash-report-info-v1 0.2.24+78d798af4f
	   |-- fabric-data-attachment-api-v1 1.1.5+b90db5744f
	   |-- fabric-data-generation-api-v1 13.2.5+5c0133444f
	   |-- fabric-dimensions-v1 2.1.63+6605d1a84f
	   |-- fabric-entity-events-v1 1.6.2+09fc25014f
	   |-- fabric-events-interaction-v0 0.7.2+389931eb4f
	   |-- fabric-events-lifecycle-v0 0.2.75+df3654b34f
	   |-- fabric-game-rule-api-v1 1.0.47+78d798af4f
	   |-- fabric-item-api-v1 2.3.0+bcdd12964f
	   |-- fabric-item-group-api-v1 4.0.27+ee30b13a4f
	   |-- fabric-key-binding-api-v1 1.0.42+78d798af4f
	   |-- fabric-keybindings-v0 0.2.40+df3654b34f
	   |-- fabric-lifecycle-events-v1 2.3.1+a67ffb5d4f
	   |-- fabric-loot-api-v2 2.1.10+78d798af4f
	   |-- fabric-message-api-v1 6.0.6+78d798af4f
	   |-- fabric-mining-level-api-v1 2.1.66+78d798af4f
	   |-- fabric-model-loading-api-v1 1.0.9+78d798af4f
	   |-- fabric-models-v0 0.4.8+9386d8a74f
	   |-- fabric-networking-api-v1 3.1.8+2e5ac5484f
	   |-- fabric-object-builder-api-v1 13.1.0+dba1195c4f
	   |-- fabric-particles-v1 1.1.8+78d798af4f
	   |-- fabric-recipe-api-v1 2.0.21+78d798af4f
	   |-- fabric-registry-sync-v0 4.0.20+ee30b13a4f
	   |-- fabric-renderer-api-v1 3.2.5+78d798af4f
	   |-- fabric-renderer-indigo 1.5.6+d331d3144f
	   |-- fabric-renderer-registries-v1 3.2.54+df3654b34f
	   |-- fabric-rendering-data-attachment-v1 0.3.43+73761d2e4f
	   |-- fabric-rendering-fluids-v1 3.1.2+e761c6694f
	   |-- fabric-rendering-v0 1.1.57+df3654b34f
	   |-- fabric-rendering-v1 3.2.1+6fd945a04f
	   |-- fabric-resource-conditions-api-v1 2.3.15+78d798af4f
	   |-- fabric-resource-loader-v0 0.11.21+ee30b13a4f
	   |-- fabric-screen-api-v1 2.0.18+78d798af4f
	   |-- fabric-screen-handler-api-v1 1.3.56+78d798af4f
	   |-- fabric-sound-api-v1 1.0.18+78d798af4f
	   |-- fabric-transfer-api-v1 4.0.12+90f2d7b14f
	   \-- fabric-transitive-access-wideners-v1 5.0.15+78d798af4f
	- fabricloader 0.15.11
	   \-- mixinextras 0.3.5
	- java 21
	- minecraft 1.20.4
	- voicechat 1.20.4-2.5.22
	   \-- fabric-key-binding-api-v1 1.0.39+f4b7e42432
mainEx[31May2025 20:36:00.930] [main/INFO] [FabricLoader/Mixin/]: SpongePowered MIXIN Subsystem Version=0.8.5 Source=file:/workspaces/MC_Tuviejaland-2.0/servidor_minecraft/libraries/net/fabricmc/sponge-mixin/0.13.3+mixin.0.8.5/sponge-mixin-0.13.3+mixin.0.8.5.jar Service=Knot/Fabric Env=SERVER
mainEx[31May2025 20:36:00.990] [main/INFO] [FabricLoader/Mixin/]: Compatibility level set to JAVA_17
mainEx[31May2025 20:36:01.475] [main/INFO] [Arclight/]: Using locale en_ and fallback locale en_us
mainEx[31May2025 20:36:01.479] [main/INFO] [Arclight/]: 

       ___           ___     __   /\
      /   | ________/ (_)__ / /  / /
     / /| |/ __/ __/ / / _ / _ \/__/
    / ___ / / / /_/ / / / / // / /
   /_/  |/_/  \__/_/_/\_ /_//_/ /
                     /__/     \/

    Version 附耳 (Whisper) / arclight-1.20.4-1.0.4-80ec5df
    Build Date 2024-06-14 12:05:55

mainEx[31May2025 20:36:03.001] [main/INFO] [FabricLoader/MixinExtras|Service/]: Initializing MixinExtras via com.llamalad7.mixinextras.service.MixinExtrasServiceImpl(version=0.3.5).
mainEx[31May2025 20:36:12.185] [main/INFO] [voicechat/]: [voicechat] Compatibility version 18
mainEx[31May2025 20:36:12.373] [main/INFO] [voicechat/]: [voicechat] Loading plugins
mainEx[31May2025 20:36:12.377] [main/INFO] [voicechat/]: [voicechat] Loaded 0 plugin(s)
mainEx[31May2025 20:36:12.380] [main/INFO] [voicechat/]: [voicechat] Initializing plugins
mainEx[31May2025 20:36:12.380] [main/INFO] [voicechat/]: [voicechat] Initialized 0 plugin(s)
mainEx[31May2025 20:36:12.497] [main/INFO] [com.mojang.authlib.yggdrasil.YggdrasilAuthenticationService/]: Environment: Environment[sessionHost=https://sessionserver.mojang.com, servicesHost=https://api.minecraftservices.com, name=PROD]
mainEx[31May2025 20:36:14.576] [main/INFO] [net.minecraft.class_1863/]: Loaded 7 recipes
mainEx[31May2025 20:36:14.879] [main/INFO] [net.minecraft.class_163/]: Loaded 1271 advancements
mainEx[31May2025 20:36:15.346] [main/INFO] [net.fabricmc.fabric.impl.biome.modification.BiomeModificationImpl/]: Applied 0 biome modifications to 0 of 64 new biomes in 1.438 ms
mainEx[31May2025 20:36:15.354] [Server thread/INFO] [net.minecraft.class_3176/]: Starting minecraft server version 1.20.4
Server threadEx[31May2025 20:36:15.355] [Server thread/INFO] [net.minecraft.class_3176/]: Loading properties
Server threadEx[31May2025 20:36:15.355] [Server thread/INFO] [net.minecraft.class_3176/]: Default game type: SURVIVAL
Server threadEx[31May2025 20:36:15.355] [Server thread/INFO] [net.minecraft.server.MinecraftServer/]: Generating keypair
Server threadEx[31May2025 20:36:15.535] [Server thread/INFO] [net.minecraft.class_3176/]: Starting Minecraft server on *:25565
Server threadEx[31May2025 20:36:15.617] [Server thread/INFO] [net.minecraft.class_3242/]: Using epoll channel type
Server threadEx[31May2025 20:36:15.692] [Server thread/WARN] [net.minecraft.class_3176/]: **** SERVER IS RUNNING IN OFFLINE/INSECURE MODE!
Server threadEx[31May2025 20:36:15.692] [Server thread/WARN] [net.minecraft.class_3176/]: The server will make no attempt to authenticate usernames. Beware.
Server threadEx[31May2025 20:36:15.692] [Server thread/WARN] [net.minecraft.class_3176/]: While this makes the game possible to play without internet access, it also opens up the ability for hackers to connect with any username they choose.
Server threadEx[31May2025 20:36:15.692] [Server thread/WARN] [net.minecraft.class_3176/]: To change this, set "online-mode" to "true" in the server.properties file.
Server threadEx[31May2025 20:36:15.934] [Server thread/INFO] [Minecraft/]: This server is running Arclight version arclight-1.20.4-1.0.4-80ec5df (MC: 1.20.4) (Implementing API version 1.20.4-R0.1-SNAPSHOT)
Server threadEx[31May2025 20:36:16.727] [Server thread/INFO] [Arclight/]: Registering for Bukkit ...
Server threadEx[31May2025 20:36:16.767] [Server thread/INFO] [Arclight/]: Registered 0 new materials with 0 blocks and 0 items
Server threadEx[31May2025 20:36:16.981] [Server thread/INFO] [Arclight/]: Registered 0 new entity types
Server threadEx[31May2025 20:36:16.982] [Server thread/INFO] [Arclight/]: Registered 0 new villager professions
Server threadEx[31May2025 20:36:16.983] [Server thread/INFO] [Arclight/]: Registered 0 new biomes
Server threadEx[31May2025 20:36:17.011] [Server thread/INFO] [net.minecraft.class_2983/]: [STDOUT]: Server Ping Player Sample Count: 12
Server threadEx[31May2025 20:36:17.014] [Server thread/INFO] [Minecraft/]: Using 4 threads for Netty based IO
Server threadEx[31May2025 20:36:17.015] [Server thread/INFO] [Minecraft/]: Debug logging is enabled
Server threadEx[31May2025 20:36:17.194] [Server thread/INFO] [Arclight/]: Loading mappings ...
Server threadEx[31May2025 20:36:17.516] [Server thread/INFO] [Arclight/]: Loading plugin patchers ...
Server threadEx[31May2025 20:36:17.660] [Server thread/INFO] [LuckPerms/]: Loading LuckPerms v5.5.0
Server threadEx[31May2025 20:36:17.867] [Server thread/INFO] [SkinsRestorer/]: Loading SkinsRestorer v15.6.4
Server threadEx[31May2025 20:36:17.867] [Server thread/INFO] [NBTAPI/]: Loading NBTAPI v2.15.0
Server threadEx[31May2025 20:36:17.875] [Server thread/INFO] [NBTAPI/]: [NBTAPI] Found Minecraft: v1_20_R3! Trying to find NMS support
Server threadEx[31May2025 20:36:17.875] [Server thread/INFO] [NBTAPI/]: [NBTAPI] NMS support 'MC1_20_R3' loaded!
Server threadEx[31May2025 20:36:17.876] [Server thread/INFO] [NBTAPI/]: [NBTAPI] Using the plugin 'NBTAPI' to create a bStats instance!
Server threadEx[31May2025 20:36:17.894] [Server thread/INFO] [AdvancedTeleport/]: Loading AdvancedTeleport v6.1.3
Server threadEx[31May2025 20:36:17.929] [Server thread/INFO] [AdvancedTeleport/]: Verifying checksum for gson
Server threadEx[31May2025 20:36:17.931] [Server thread/INFO] [AdvancedTeleport/]: Checksum matched for gson
Server threadEx[31May2025 20:36:17.945] [Server thread/INFO] [AdvancedTeleport/]: Verifying checksum for jar-relocator
Server threadEx[31May2025 20:36:17.945] [Server thread/INFO] [AdvancedTeleport/]: Checksum matched for jar-relocator
Server threadEx[31May2025 20:36:17.945] [Server thread/INFO] [AdvancedTeleport/]: Verifying checksum for asm
Server threadEx[31May2025 20:36:17.946] [Server thread/INFO] [AdvancedTeleport/]: Checksum matched for asm
Server threadEx[31May2025 20:36:17.946] [Server thread/INFO] [AdvancedTeleport/]: Verifying checksum for asm-commons
Server threadEx[31May2025 20:36:17.946] [Server thread/INFO] [AdvancedTeleport/]: Checksum matched for asm-commons
Server threadEx[31May2025 20:36:17.958] [Server thread/INFO] [AdvancedTeleport/]: Verifying checksum for gson
Server threadEx[31May2025 20:36:17.959] [Server thread/INFO] [AdvancedTeleport/]: Checksum matched for gson
Server threadEx[31May2025 20:36:18.140] [Thread-5/INFO] [NBTAPI/]: [NBTAPI] The NBT-API seems to be up-to-date!
Thread-5Ex[31May2025 20:36:19.087] [Server thread/INFO] [AdvancedTeleport/]: Verifying checksum for adventure-api
Server threadEx[31May2025 20:36:19.088] [Server thread/INFO] [AdvancedTeleport/]: Checksum matched for adventure-api
Server threadEx[31May2025 20:36:19.090] [Server thread/INFO] [AdvancedTeleport/]: Verifying checksum for adventure-key
Server threadEx[31May2025 20:36:19.090] [Server thread/INFO] [AdvancedTeleport/]: Checksum matched for adventure-key
Server threadEx[31May2025 20:36:19.090] [Server thread/INFO] [AdvancedTeleport/]: Verifying checksum for examination-api
Server threadEx[31May2025 20:36:19.091] [Server thread/INFO] [AdvancedTeleport/]: Checksum matched for examination-api
Server threadEx[31May2025 20:36:19.091] [Server thread/INFO] [AdvancedTeleport/]: Verifying checksum for examination-string
Server threadEx[31May2025 20:36:19.091] [Server thread/INFO] [AdvancedTeleport/]: Checksum matched for examination-string
Server threadEx[31May2025 20:36:19.092] [Server thread/INFO] [AdvancedTeleport/]: Verifying checksum for adventure-text-minimessage
Server threadEx[31May2025 20:36:19.092] [Server thread/INFO] [AdvancedTeleport/]: Checksum matched for adventure-text-minimessage
Server threadEx[31May2025 20:36:19.093] [Server thread/INFO] [AdvancedTeleport/]: Verifying checksum for adventure-nbt
Server threadEx[31May2025 20:36:19.093] [Server thread/INFO] [AdvancedTeleport/]: Checksum matched for adventure-nbt
Server threadEx[31May2025 20:36:19.093] [Server thread/INFO] [AdvancedTeleport/]: Verifying checksum for adventure-text-serializer-plain
Server threadEx[31May2025 20:36:19.094] [Server thread/INFO] [AdvancedTeleport/]: Checksum matched for adventure-text-serializer-plain
Server threadEx[31May2025 20:36:19.094] [Server thread/INFO] [AdvancedTeleport/]: Verifying checksum for adventure-platform-bukkit
Server threadEx[31May2025 20:36:19.095] [Server thread/INFO] [AdvancedTeleport/]: Checksum matched for adventure-platform-bukkit
Server threadEx[31May2025 20:36:19.095] [Server thread/INFO] [AdvancedTeleport/]: Verifying checksum for adventure-text-serializer-gson-legacy-impl
Server threadEx[31May2025 20:36:19.095] [Server thread/INFO] [AdvancedTeleport/]: Checksum matched for adventure-text-serializer-gson-legacy-impl
Server threadEx[31May2025 20:36:19.095] [Server thread/INFO] [AdvancedTeleport/]: Verifying checksum for adventure-text-serializer-gson
Server threadEx[31May2025 20:36:19.096] [Server thread/INFO] [AdvancedTeleport/]: Checksum matched for adventure-text-serializer-gson
Server threadEx[31May2025 20:36:19.096] [Server thread/INFO] [AdvancedTeleport/]: Verifying checksum for adventure-text-serializer-json
Server threadEx[31May2025 20:36:19.096] [Server thread/INFO] [AdvancedTeleport/]: Checksum matched for adventure-text-serializer-json
Server threadEx[31May2025 20:36:19.096] [Server thread/INFO] [AdvancedTeleport/]: Verifying checksum for option
Server threadEx[31May2025 20:36:19.097] [Server thread/INFO] [AdvancedTeleport/]: Checksum matched for option
Server threadEx[31May2025 20:36:19.097] [Server thread/INFO] [AdvancedTeleport/]: Verifying checksum for adventure-platform-facet
Server threadEx[31May2025 20:36:19.097] [Server thread/INFO] [AdvancedTeleport/]: Checksum matched for adventure-platform-facet
Server threadEx[31May2025 20:36:19.098] [Server thread/INFO] [AdvancedTeleport/]: Verifying checksum for adventure-platform-api
Server threadEx[31May2025 20:36:19.098] [Server thread/INFO] [AdvancedTeleport/]: Checksum matched for adventure-platform-api
Server threadEx[31May2025 20:36:19.098] [Server thread/INFO] [AdvancedTeleport/]: Verifying checksum for adventure-platform-viaversion
Server threadEx[31May2025 20:36:19.098] [Server thread/INFO] [AdvancedTeleport/]: Checksum matched for adventure-platform-viaversion
Server threadEx[31May2025 20:36:19.099] [Server thread/INFO] [AdvancedTeleport/]: Verifying checksum for adventure-text-serializer-bungeecord
Server threadEx[31May2025 20:36:19.099] [Server thread/INFO] [AdvancedTeleport/]: Checksum matched for adventure-text-serializer-bungeecord
Server threadEx[31May2025 20:36:19.099] [Server thread/INFO] [AdvancedTeleport/]: Verifying checksum for adventure-text-serializer-legacy
Server threadEx[31May2025 20:36:19.100] [Server thread/INFO] [AdvancedTeleport/]: Checksum matched for adventure-text-serializer-legacy
Server threadEx[31May2025 20:36:19.100] [Server thread/INFO] [AdvancedTeleport/]: Verifying checksum for bstats-bukkit
Server threadEx[31May2025 20:36:19.100] [Server thread/INFO] [AdvancedTeleport/]: Checksum matched for bstats-bukkit
Server threadEx[31May2025 20:36:19.100] [Server thread/INFO] [AdvancedTeleport/]: Verifying checksum for bstats-base
Server threadEx[31May2025 20:36:19.101] [Server thread/INFO] [AdvancedTeleport/]: Checksum matched for bstats-base
Server threadEx[31May2025 20:36:19.101] [Server thread/INFO] [AdvancedTeleport/]: Verifying checksum for paperlib
Server threadEx[31May2025 20:36:19.101] [Server thread/INFO] [AdvancedTeleport/]: Checksum matched for paperlib
Server threadEx[31May2025 20:36:19.101] [Server thread/INFO] [AdvancedTeleport/]: Verifying checksum for ConfigurationMaster-API
Server threadEx[31May2025 20:36:19.102] [Server thread/INFO] [AdvancedTeleport/]: Checksum matched for ConfigurationMaster-API
Server threadEx[31May2025 20:36:19.102] [Server thread/INFO] [BetterRevive/]: Loading BetterRevive v0.9.1-BETA
Server threadEx[31May2025 20:36:19.107] [Server thread/INFO] [LuckPerms/]: Enabling LuckPerms v5.5.0
Server threadEx[31May2025 20:36:19.617] [Server thread/WARN] [LuckPerms/]: Loaded class net.kyori.adventure.text.Component from AdvancedTeleport v6.1.3 which is not a depend or softdepend of this plugin.
Server threadEx[31May2025 20:36:19.858] [Server thread/INFO] [Console/]:         __    
Server threadEx[31May2025 20:36:19.858] [Server thread/INFO] [Console/]:   |    |__)   LuckPerms v5.5.0
Server threadEx[31May2025 20:36:19.858] [Server thread/INFO] [Console/]:   |___ |      Running on Bukkit - Arclight
Server threadEx[31May2025 20:36:19.858] [Server thread/INFO] [Console/]: 
Server threadEx[31May2025 20:36:19.860] [Server thread/INFO] [LuckPerms/]: Loading configuration...
Server threadEx[31May2025 20:36:20.070] [Server thread/INFO] [LuckPerms/]: Loading storage provider... [H2]
Server threadEx[31May2025 20:36:20.700] [Server thread/INFO] [LuckPerms/]: Loading internal permission managers...
Server threadEx[31May2025 20:36:20.805] [Server thread/INFO] [LuckPerms/]: Performing initial data load...
Server threadEx[31May2025 20:36:20.893] [Server thread/INFO] [LuckPerms/]: Successfully enabled. (took 1785ms)
Server threadEx[31May2025 20:36:20.894] [Server thread/INFO] [SkinsRestorer/]: Enabling SkinsRestorer v15.6.4
Server threadEx[31May2025 20:36:21.088] [Server thread/WARN] [SkinsRestorer/]: Loaded class net.kyori.adventure.text.Component from AdvancedTeleport v6.1.3 which is not a depend or softdepend of this plugin.
Server threadEx[31May2025 20:36:21.522] [Server thread/INFO] [Console/]: [33;1m[[32;22mSkinsRestorer[33;1m] [0;39m[32;1mRunning on Minecraft [33;1m1.20.4[32;1m.[0;39m
Server threadEx[31May2025 20:36:21.942] [Server thread/INFO] [net.minecraft.class_3176/]: Preparing level "world"
Server threadEx[31May2025 20:36:21.953] [Server thread/INFO] [Arclight/]: Registered 0 new dimensions
Server threadEx[31May2025 20:36:22.348] [Server thread/INFO] [Minecraft/]: -------- World Settings For [world] --------
Server threadEx[31May2025 20:36:22.349] [Server thread/INFO] [Minecraft/]: Zombie Aggressive Towards Villager: true
Server threadEx[31May2025 20:36:22.349] [Server thread/INFO] [Minecraft/]: Experience Merge Radius: 3.0
Server threadEx[31May2025 20:36:22.350] [Server thread/INFO] [Minecraft/]: Mob Spawn Range: 6
Server threadEx[31May2025 20:36:22.350] [Server thread/INFO] [Minecraft/]: Arrow Despawn Rate: 1200 Trident Respawn Rate:1200
Server threadEx[31May2025 20:36:22.350] [Server thread/INFO] [Minecraft/]: Cactus Growth Modifier: 100%
Server threadEx[31May2025 20:36:22.350] [Server thread/INFO] [Minecraft/]: Cane Growth Modifier: 100%
Server threadEx[31May2025 20:36:22.350] [Server thread/INFO] [Minecraft/]: Melon Growth Modifier: 100%
Server threadEx[31May2025 20:36:22.350] [Server thread/INFO] [Minecraft/]: Mushroom Growth Modifier: 100%
Server threadEx[31May2025 20:36:22.350] [Server thread/INFO] [Minecraft/]: Pumpkin Growth Modifier: 100%
Server threadEx[31May2025 20:36:22.350] [Server thread/INFO] [Minecraft/]: Sapling Growth Modifier: 100%
Server threadEx[31May2025 20:36:22.350] [Server thread/INFO] [Minecraft/]: Beetroot Growth Modifier: 100%
Server threadEx[31May2025 20:36:22.350] [Server thread/INFO] [Minecraft/]: Carrot Growth Modifier: 100%
Server threadEx[31May2025 20:36:22.350] [Server thread/INFO] [Minecraft/]: Potato Growth Modifier: 100%
Server threadEx[31May2025 20:36:22.350] [Server thread/INFO] [Minecraft/]: Wheat Growth Modifier: 100%
Server threadEx[31May2025 20:36:22.350] [Server thread/INFO] [Minecraft/]: NetherWart Growth Modifier: 100%
Server threadEx[31May2025 20:36:22.350] [Server thread/INFO] [Minecraft/]: Vine Growth Modifier: 100%
Server threadEx[31May2025 20:36:22.350] [Server thread/INFO] [Minecraft/]: Cocoa Growth Modifier: 100%
Server threadEx[31May2025 20:36:22.351] [Server thread/INFO] [Minecraft/]: Bamboo Growth Modifier: 100%
Server threadEx[31May2025 20:36:22.351] [Server thread/INFO] [Minecraft/]: SweetBerry Growth Modifier: 100%
Server threadEx[31May2025 20:36:22.351] [Server thread/INFO] [Minecraft/]: Kelp Growth Modifier: 100%
Server threadEx[31May2025 20:36:22.351] [Server thread/INFO] [Minecraft/]: TwistingVines Growth Modifier: 100%
Server threadEx[31May2025 20:36:22.351] [Server thread/INFO] [Minecraft/]: WeepingVines Growth Modifier: 100%
Server threadEx[31May2025 20:36:22.351] [Server thread/INFO] [Minecraft/]: CaveVines Growth Modifier: 100%
Server threadEx[31May2025 20:36:22.351] [Server thread/INFO] [Minecraft/]: Entity Activation Range: An 32 / Mo 32 / Ra 48 / Mi 16 / Tiv true / Isa false
Server threadEx[31May2025 20:36:22.351] [Server thread/INFO] [Minecraft/]: Entity Tracking Range: Pl 48 / An 48 / Mo 48 / Mi 32 / Di 128 / Other 64
Server threadEx[31May2025 20:36:22.351] [Server thread/INFO] [Minecraft/]: Hopper Transfer: 8 Hopper Check: 1 Hopper Amount: 1 Hopper Can Load Chunks: false
Server threadEx[31May2025 20:36:22.352] [Server thread/INFO] [Minecraft/]: Custom Map Seeds:  Village: 10387312 Desert: 14357617 Igloo: 14357618 Jungle: 14357619 Swamp: 14357620 Monument: 10387313 Ocean: 14357621 Shipwreck: 165745295 End City: 10387313 Slime: 987234911 Nether: 30084232 Mansion: 10387319 Fossil: 14357921 Portal: 34222645
Server threadEx[31May2025 20:36:22.352] [Server thread/INFO] [Minecraft/]: Allow Zombie Pigmen to spawn from portal blocks: true
Server threadEx[31May2025 20:36:22.352] [Server thread/INFO] [Minecraft/]: Max TNT Explosions: 100
Server threadEx[31May2025 20:36:22.353] [Server thread/INFO] [Minecraft/]: Tile Max Tick Time: 50ms Entity max Tick Time: 50ms
Server threadEx[31May2025 20:36:22.353] [Server thread/INFO] [Minecraft/]: View Distance: 12
Server threadEx[31May2025 20:36:22.353] [Server thread/INFO] [Minecraft/]: Item Merge Radius: 2.5
Server threadEx[31May2025 20:36:22.353] [Server thread/INFO] [Minecraft/]: Item Despawn Rate: 6000
Server threadEx[31May2025 20:36:22.353] [Server thread/INFO] [Minecraft/]: Nerfing mobs spawned from spawners: false
Server threadEx[31May2025 20:36:22.353] [Server thread/INFO] [Minecraft/]: Simulation Distance: 10
Server threadEx[31May2025 20:36:26.589] [Server thread/INFO] [Minecraft/]: -------- World Settings For [world/DIM1] --------
Server threadEx[31May2025 20:36:26.589] [Server thread/INFO] [Minecraft/]: Zombie Aggressive Towards Villager: true
Server threadEx[31May2025 20:36:26.589] [Server thread/INFO] [Minecraft/]: Experience Merge Radius: 3.0
Server threadEx[31May2025 20:36:26.589] [Server thread/INFO] [Minecraft/]: Mob Spawn Range: 6
Server threadEx[31May2025 20:36:26.589] [Server thread/INFO] [Minecraft/]: Arrow Despawn Rate: 1200 Trident Respawn Rate:1200
Server threadEx[31May2025 20:36:26.589] [Server thread/INFO] [Minecraft/]: Cactus Growth Modifier: 100%
Server threadEx[31May2025 20:36:26.589] [Server thread/INFO] [Minecraft/]: Cane Growth Modifier: 100%
Server threadEx[31May2025 20:36:26.589] [Server thread/INFO] [Minecraft/]: Melon Growth Modifier: 100%
Server threadEx[31May2025 20:36:26.589] [Server thread/INFO] [Minecraft/]: Mushroom Growth Modifier: 100%
Server threadEx[31May2025 20:36:26.589] [Server thread/INFO] [Minecraft/]: Pumpkin Growth Modifier: 100%
Server threadEx[31May2025 20:36:26.589] [Server thread/INFO] [Minecraft/]: Sapling Growth Modifier: 100%
Server threadEx[31May2025 20:36:26.589] [Server thread/INFO] [Minecraft/]: Beetroot Growth Modifier: 100%
Server threadEx[31May2025 20:36:26.589] [Server thread/INFO] [Minecraft/]: Carrot Growth Modifier: 100%
Server threadEx[31May2025 20:36:26.589] [Server thread/INFO] [Minecraft/]: Potato Growth Modifier: 100%
Server threadEx[31May2025 20:36:26.589] [Server thread/INFO] [Minecraft/]: Wheat Growth Modifier: 100%
Server threadEx[31May2025 20:36:26.589] [Server thread/INFO] [Minecraft/]: NetherWart Growth Modifier: 100%
Server threadEx[31May2025 20:36:26.589] [Server thread/INFO] [Minecraft/]: Vine Growth Modifier: 100%
Server threadEx[31May2025 20:36:26.589] [Server thread/INFO] [Minecraft/]: Cocoa Growth Modifier: 100%
Server threadEx[31May2025 20:36:26.591] [Server thread/INFO] [Minecraft/]: Bamboo Growth Modifier: 100%
Server threadEx[31May2025 20:36:26.591] [Server thread/INFO] [Minecraft/]: SweetBerry Growth Modifier: 100%
Server threadEx[31May2025 20:36:26.591] [Server thread/INFO] [Minecraft/]: Kelp Growth Modifier: 100%
Server threadEx[31May2025 20:36:26.591] [Server thread/INFO] [Minecraft/]: TwistingVines Growth Modifier: 100%
Server threadEx[31May2025 20:36:26.591] [Server thread/INFO] [Minecraft/]: WeepingVines Growth Modifier: 100%
Server threadEx[31May2025 20:36:26.591] [Server thread/INFO] [Minecraft/]: CaveVines Growth Modifier: 100%
Server threadEx[31May2025 20:36:26.591] [Server thread/INFO] [Minecraft/]: Entity Activation Range: An 32 / Mo 32 / Ra 48 / Mi 16 / Tiv true / Isa false
Server threadEx[31May2025 20:36:26.591] [Server thread/INFO] [Minecraft/]: Entity Tracking Range: Pl 48 / An 48 / Mo 48 / Mi 32 / Di 128 / Other 64
Server threadEx[31May2025 20:36:26.591] [Server thread/INFO] [Minecraft/]: Hopper Transfer: 8 Hopper Check: 1 Hopper Amount: 1 Hopper Can Load Chunks: false
Server threadEx[31May2025 20:36:26.591] [Server thread/INFO] [Minecraft/]: Custom Map Seeds:  Village: 10387312 Desert: 14357617 Igloo: 14357618 Jungle: 14357619 Swamp: 14357620 Monument: 10387313 Ocean: 14357621 Shipwreck: 165745295 End City: 10387313 Slime: 987234911 Nether: 30084232 Mansion: 10387319 Fossil: 14357921 Portal: 34222645
Server threadEx[31May2025 20:36:26.591] [Server thread/INFO] [Minecraft/]: Allow Zombie Pigmen to spawn from portal blocks: true
Server threadEx[31May2025 20:36:26.591] [Server thread/INFO] [Minecraft/]: Max TNT Explosions: 100
Server threadEx[31May2025 20:36:26.591] [Server thread/INFO] [Minecraft/]: Tile Max Tick Time: 50ms Entity max Tick Time: 50ms
Server threadEx[31May2025 20:36:26.591] [Server thread/INFO] [Minecraft/]: View Distance: 12
Server threadEx[31May2025 20:36:26.591] [Server thread/INFO] [Minecraft/]: Item Merge Radius: 2.5
Server threadEx[31May2025 20:36:26.591] [Server thread/INFO] [Minecraft/]: Item Despawn Rate: 6000
Server threadEx[31May2025 20:36:26.591] [Server thread/INFO] [Minecraft/]: Nerfing mobs spawned from spawners: false
Server threadEx[31May2025 20:36:26.591] [Server thread/INFO] [Minecraft/]: Simulation Distance: 10
Server threadEx[31May2025 20:36:26.635] [Server thread/INFO] [Minecraft/]: -------- World Settings For [world/DIM-1] --------
Server threadEx[31May2025 20:36:26.635] [Server thread/INFO] [Minecraft/]: Zombie Aggressive Towards Villager: true
Server threadEx[31May2025 20:36:26.635] [Server thread/INFO] [Minecraft/]: Experience Merge Radius: 3.0
Server threadEx[31May2025 20:36:26.635] [Server thread/INFO] [Minecraft/]: Mob Spawn Range: 6
Server threadEx[31May2025 20:36:26.635] [Server thread/INFO] [Minecraft/]: Arrow Despawn Rate: 1200 Trident Respawn Rate:1200
Server threadEx[31May2025 20:36:26.636] [Server thread/INFO] [Minecraft/]: Cactus Growth Modifier: 100%
Server threadEx[31May2025 20:36:26.636] [Server thread/INFO] [Minecraft/]: Cane Growth Modifier: 100%
Server threadEx[31May2025 20:36:26.636] [Server thread/INFO] [Minecraft/]: Melon Growth Modifier: 100%
Server threadEx[31May2025 20:36:26.636] [Server thread/INFO] [Minecraft/]: Mushroom Growth Modifier: 100%
Server threadEx[31May2025 20:36:26.636] [Server thread/INFO] [Minecraft/]: Pumpkin Growth Modifier: 100%
Server threadEx[31May2025 20:36:26.636] [Server thread/INFO] [Minecraft/]: Sapling Growth Modifier: 100%
Server threadEx[31May2025 20:36:26.636] [Server thread/INFO] [Minecraft/]: Beetroot Growth Modifier: 100%
Server threadEx[31May2025 20:36:26.636] [Server thread/INFO] [Minecraft/]: Carrot Growth Modifier: 100%
Server threadEx[31May2025 20:36:26.636] [Server thread/INFO] [Minecraft/]: Potato Growth Modifier: 100%
Server threadEx[31May2025 20:36:26.636] [Server thread/INFO] [Minecraft/]: Wheat Growth Modifier: 100%
Server threadEx[31May2025 20:36:26.636] [Server thread/INFO] [Minecraft/]: NetherWart Growth Modifier: 100%
Server threadEx[31May2025 20:36:26.636] [Server thread/INFO] [Minecraft/]: Vine Growth Modifier: 100%
Server threadEx[31May2025 20:36:26.636] [Server thread/INFO] [Minecraft/]: Cocoa Growth Modifier: 100%
Server threadEx[31May2025 20:36:26.636] [Server thread/INFO] [Minecraft/]: Bamboo Growth Modifier: 100%
Server threadEx[31May2025 20:36:26.636] [Server thread/INFO] [Minecraft/]: SweetBerry Growth Modifier: 100%
Server threadEx[31May2025 20:36:26.636] [Server thread/INFO] [Minecraft/]: Kelp Growth Modifier: 100%
Server threadEx[31May2025 20:36:26.636] [Server thread/INFO] [Minecraft/]: TwistingVines Growth Modifier: 100%
Server threadEx[31May2025 20:36:26.636] [Server thread/INFO] [Minecraft/]: WeepingVines Growth Modifier: 100%
Server threadEx[31May2025 20:36:26.636] [Server thread/INFO] [Minecraft/]: CaveVines Growth Modifier: 100%
Server threadEx[31May2025 20:36:26.636] [Server thread/INFO] [Minecraft/]: Entity Activation Range: An 32 / Mo 32 / Ra 48 / Mi 16 / Tiv true / Isa false
Server threadEx[31May2025 20:36:26.636] [Server thread/INFO] [Minecraft/]: Entity Tracking Range: Pl 48 / An 48 / Mo 48 / Mi 32 / Di 128 / Other 64
Server threadEx[31May2025 20:36:26.636] [Server thread/INFO] [Minecraft/]: Hopper Transfer: 8 Hopper Check: 1 Hopper Amount: 1 Hopper Can Load Chunks: false
Server threadEx[31May2025 20:36:26.640] [Server thread/INFO] [Minecraft/]: Custom Map Seeds:  Village: 10387312 Desert: 14357617 Igloo: 14357618 Jungle: 14357619 Swamp: 14357620 Monument: 10387313 Ocean: 14357621 Shipwreck: 165745295 End City: 10387313 Slime: 987234911 Nether: 30084232 Mansion: 10387319 Fossil: 14357921 Portal: 34222645
Server threadEx[31May2025 20:36:26.640] [Server thread/INFO] [Minecraft/]: Allow Zombie Pigmen to spawn from portal blocks: true
Server threadEx[31May2025 20:36:26.640] [Server thread/INFO] [Minecraft/]: Max TNT Explosions: 100
Server threadEx[31May2025 20:36:26.640] [Server thread/INFO] [Minecraft/]: Tile Max Tick Time: 50ms Entity max Tick Time: 50ms
Server threadEx[31May2025 20:36:26.640] [Server thread/INFO] [Minecraft/]: View Distance: 12
Server threadEx[31May2025 20:36:26.640] [Server thread/INFO] [Minecraft/]: Item Merge Radius: 2.5
Server threadEx[31May2025 20:36:26.640] [Server thread/INFO] [Minecraft/]: Item Despawn Rate: 6000
Server threadEx[31May2025 20:36:26.641] [Server thread/INFO] [Minecraft/]: Nerfing mobs spawned from spawners: false
Server threadEx[31May2025 20:36:26.641] [Server thread/INFO] [Minecraft/]: Simulation Distance: 10
Server threadEx[31May2025 20:36:26.652] [Server thread/INFO] [NBTAPI/]: Enabling NBTAPI v2.15.0
Server threadEx[31May2025 20:36:26.652] [Server thread/INFO] [NBTAPI/]: Checking bindings...
Server threadEx[31May2025 20:36:26.670] [Server thread/INFO] [NBTAPI/]: All Classes were able to link!
Server threadEx[31May2025 20:36:26.707] [Server thread/INFO] [NBTAPI/]: All Methods were able to link!
Server threadEx[31May2025 20:36:26.707] [Server thread/INFO] [NBTAPI/]: Running NBT reflection test...
Server threadEx[31May2025 20:36:26.898] [Server thread/INFO] [NBTAPI/]: Success! This version of NBT-API is compatible with your server.
Server threadEx[31May2025 20:36:26.900] [Server thread/INFO] [AdvancedTeleport/]: Enabling AdvancedTeleport v6.1.3
Server threadEx[31May2025 20:36:26.909] [Server thread/INFO] [AdvancedTeleport/]: Performing server version check.
Server threadEx[31May2025 20:36:26.910] [Server thread/INFO] [AdvancedTeleport/]: Detected major version: 20
Server threadEx[31May2025 20:36:26.910] [Server thread/INFO] [AdvancedTeleport/]: Advanced Teleport is now enabling...
Server threadEx[31May2025 20:36:26.910] [Server thread/INFO] [AdvancedTeleport/]: Setting up permissions integration with Vault.
Server threadEx[31May2025 20:36:26.910] [Server thread/INFO] [AdvancedTeleport/]: Vault is not on the server, skipping.
Server threadEx[31May2025 20:36:26.914] [Server thread/INFO] [AdvancedTeleport/]: Loading MainConfig.
Server threadEx[31May2025 20:36:26.945] [Server thread/WARN] [AdvancedTeleport/]: Failed to parse payment 0 for command tpa! Error message: net/milkbowl/vault/economy/Economy
Server threadEx[31May2025 20:36:26.945] [Server thread/WARN] [AdvancedTeleport/]: Failed to parse payment 0 for command tpahere! Error message: net/milkbowl/vault/economy/Economy
Server threadEx[31May2025 20:36:26.945] [Server thread/WARN] [AdvancedTeleport/]: Failed to parse payment 0 for command tpr! Error message: net/milkbowl/vault/economy/Economy
Server threadEx[31May2025 20:36:26.945] [Server thread/WARN] [AdvancedTeleport/]: Failed to parse payment 0 for command spawn! Error message: net/milkbowl/vault/economy/Economy
Server threadEx[31May2025 20:36:26.945] [Server thread/WARN] [AdvancedTeleport/]: Failed to parse payment 0 for command warp! Error message: net/milkbowl/vault/economy/Economy
Server threadEx[31May2025 20:36:26.945] [Server thread/WARN] [AdvancedTeleport/]: Failed to parse payment 0 for command home! Error message: net/milkbowl/vault/economy/Economy
Server threadEx[31May2025 20:36:26.945] [Server thread/WARN] [AdvancedTeleport/]: Failed to parse payment 0 for command back! Error message: net/milkbowl/vault/economy/Economy
Server threadEx[31May2025 20:36:27.251] [Server thread/INFO] [AdvancedTeleport/]: Registered the image warp_default!
Server threadEx[31May2025 20:36:27.251] [Server thread/INFO] [AdvancedTeleport/]: Registered the image home_default!
Server threadEx[31May2025 20:36:27.251] [Server thread/INFO] [AdvancedTeleport/]: Registered the image spawn_default!
Server threadEx[31May2025 20:36:27.295] [Server thread/INFO] [BetterRevive/]: Enabling BetterRevive v0.9.1-BETA
Server threadEx[31May2025 20:36:27.302] [Server thread/INFO] [Console/]: [BetterRevive] Inventory title with support for more than 32 characters. Skipping..
Server threadEx[31May2025 20:36:27.303] [Server thread/INFO] [Console/]: [BetterRevive] Hex colors are available! Ready for RGB..
Server threadEx[31May2025 20:36:27.305] [Server thread/INFO] [Console/]: [BetterRevive] Old constructor for HoverEvent found! Using it..
Server threadEx[31May2025 20:36:27.305] [Server thread/INFO] [Console/]: [BetterRevive] New sendTitle method found! Using it..
Server threadEx[31May2025 20:36:27.305] [Server thread/INFO] [Console/]: [BetterRevive] New setUnbreakable method found! Using it..
Server threadEx[31May2025 20:36:27.305] [Server thread/INFO] [Console/]: [BetterRevive] New isUnbreakable method found! Using it..
Server threadEx[31May2025 20:36:27.310] [Server thread/INFO] [Console/]:   ___      _   _           ___         _         
Server threadEx[31May2025 20:36:27.310] [Server thread/INFO] [Console/]:  | _ ) ___| |_| |_ ___ _ _| _ \_____ _(_)_ _____ 
Server threadEx[31May2025 20:36:27.310] [Server thread/INFO] [Console/]:  | _ \/ -_)  _|  _/ -_) '_|   / -_) V / \ V / -_)
Server threadEx[31May2025 20:36:27.310] [Server thread/INFO] [Console/]:  |___/\___|\__|\__\___|_| |_|_\___|\_/|_|\_/\___|
Server threadEx[31May2025 20:36:27.310] [Server thread/INFO] [Console/]: 
Server threadEx[31May2025 20:36:27.310] [Server thread/INFO] [Console/]:    Running plugin BetterRevive v0.9.1-BETA (v2_0)
Server threadEx[31May2025 20:36:27.310] [Server thread/INFO] [Console/]:    Server running Arclight version arclight-1.20.4-1.0.4-80ec5df (MC: 1.20.4)
Server threadEx[31May2025 20:36:27.310] [Server thread/INFO] [Console/]:    (Implementing API version arclight-1.20.4-1.0.4-80ec5df (MC: 1.20.4))
Server threadEx[31May2025 20:36:27.310] [Server thread/INFO] [Console/]:    (Developed by  AlonsoAliaga - Thanks for using my plugin ❤)
Server threadEx[31May2025 20:36:27.310] [Server thread/INFO] [Console/]:    If you loved the plugin consider leaving a review and mentioning your server IP in it!
Server threadEx[31May2025 20:36:27.310] [Server thread/INFO] [Console/]: 
Server threadEx[31May2025 20:36:27.310] [Server thread/INFO] [Console/]: ==============================================================================================
Server threadEx[31May2025 20:36:27.310] [Server thread/INFO] [Console/]: [BetterRevive] You are using a Spigot or a Spigot fork (Arclight), plugin should work fine!
Server threadEx[31May2025 20:36:27.310] [Server thread/INFO] [Console/]: [BetterRevive] If you have issues, join us on our official support server on alonsoaliaga.com/discord
Server threadEx[31May2025 20:36:27.310] [Server thread/INFO] [Console/]: ==============================================================================================
Server threadEx[31May2025 20:36:27.310] [Server thread/INFO] [Console/]: 
Server threadEx[31May2025 20:36:27.313] [Server thread/INFO] [Console/]: [BetterRevive] BungeeCord action bar available. Hooking..
Server threadEx[31May2025 20:36:27.313] [Server thread/INFO] [Console/]: [BetterRevive] ProtocolLib not found! Skipping..
Server threadEx[31May2025 20:36:27.323] [Server thread/INFO] [Console/]: [Auto-update] Configuration config.yml is up-to-date!
Server threadEx[31May2025 20:36:27.323] [Server thread/INFO] [Console/]: [BetterRevive] Factions hook is enabled but couldn't find any supported faction plugin were found. Disabling hook..
Server threadEx[31May2025 20:36:27.323] [Server thread/INFO] [Console/]: [BetterRevive] Finish off feature has been enabled! Players can finish off other player!
Server threadEx[31May2025 20:36:27.323] [Server thread/INFO] [Console/]: [BetterRevive] Finish off health: 20 | Finish off damage multiplier: 0.5
Server threadEx[31May2025 20:36:27.323] [Server thread/INFO] [Console/]: [BetterRevive] DamageCause for finish off is empty! All damage cause will be allowed to finish off players. (Includes DROWING, FIRE, LAVA, etc)
Server threadEx[31May2025 20:36:27.323] [Server thread/INFO] [Console/]: [BetterRevive] Bleeding mode is 0! Plugin will select the best option for your server!
Server threadEx[31May2025 20:36:27.323] [Server thread/INFO] [Console/]: [BetterRevive] Server version is v2_0. Players will look like swimming while bleeding! (Mode 2)
Server threadEx[31May2025 20:36:27.325] [Server thread/INFO] [Console/]: [BetterRevive] Loaded 1 bleeding effects.
Server threadEx[31May2025 20:36:27.325] [Server thread/INFO] [Console/]: [BetterRevive] Loaded 1 revived effect.
Server threadEx[31May2025 20:36:27.366] [Server thread/INFO] [Minecraft/]: Server permissions file permissions.yml is empty, ignoring it
Server threadEx[31May2025 20:36:27.373] [Server thread/INFO] [net.minecraft.server.MinecraftServer/]: Preparing start region for dimension minecraft:overworld
Server threadEx[31May2025 20:36:31.559] [Worker-Main-2/INFO] [net.minecraft.class_3951/]: Preparing spawn area: 0%
Worker-Main-2Ex[31May2025 20:36:31.559] [Worker-Main-1/INFO] [net.minecraft.class_3951/]: Preparing spawn area: 0%
Worker-Main-1Ex[31May2025 20:36:31.561] [Worker-Main-3/INFO] [net.minecraft.class_3951/]: Preparing spawn area: 0%
Worker-Main-3Ex[31May2025 20:36:31.561] [Worker-Main-3/INFO] [net.minecraft.class_3951/]: Preparing spawn area: 0%
Worker-Main-3Ex[31May2025 20:36:31.561] [Worker-Main-3/INFO] [net.minecraft.class_3951/]: Preparing spawn area: 0%
Worker-Main-3Ex[31May2025 20:36:31.562] [Worker-Main-3/INFO] [net.minecraft.class_3951/]: Preparing spawn area: 0%
Worker-Main-3Ex[31May2025 20:36:31.562] [Worker-Main-3/INFO] [net.minecraft.class_3951/]: Preparing spawn area: 0%
Worker-Main-3Ex[31May2025 20:36:31.562] [Worker-Main-3/INFO] [net.minecraft.class_3951/]: Preparing spawn area: 0%
Worker-Main-3Ex[31May2025 20:36:31.562] [Worker-Main-3/INFO] [net.minecraft.class_3951/]: Preparing spawn area: 0%
Worker-Main-3Ex[31May2025 20:36:31.874] [Worker-Main-2/INFO] [net.minecraft.class_3951/]: Preparing spawn area: 7%
Worker-Main-2Ex[31May2025 20:36:32.379] [Server thread/INFO] [net.minecraft.class_3951/]: Time elapsed: 5005 ms
Server threadEx[31May2025 20:36:32.379] [Server thread/INFO] [net.minecraft.class_3176/]: Done (10.438s)! For help, type "help"
Server threadEx[31May2025 20:36:32.385] [Server thread/WARN] [voicechat/]: [voicechat] Running in offline mode - Voice chat encryption is not secure!
Server threadEx[31May2025 20:36:32.482] [Craft Scheduler Thread - 7/INFO] [AdvancedTeleport/]: Plugin is up to date!
Craft Scheduler Thread - 7Ex[31May2025 20:36:32.512] [Craft Scheduler Thread - 1/INFO] [Console/]: [33;1m[[32;22mSkinsRestorer[33;1m] [0;39m[32;1m----------------------------------------------[0;39m
Craft Scheduler Thread - 1Ex[31May2025 20:36:32.513] [Craft Scheduler Thread - 1/INFO] [Console/]: [33;1m[[32;22mSkinsRestorer[33;1m] [0;39m[32;1m    +==================+[0;39m
Craft Scheduler Thread - 1Ex[31May2025 20:36:32.513] [Craft Scheduler Thread - 1/INFO] [Console/]: [33;1m[[32;22mSkinsRestorer[33;1m] [0;39m[32;1m    |   SkinsRestorer  |[0;39m
Craft Scheduler Thread - 1Ex[31May2025 20:36:32.514] [Craft Scheduler Thread - 1/INFO] [Console/]: [33;1m[[32;22mSkinsRestorer[33;1m] [0;39m[32;1m    |------------------|[0;39m
Craft Scheduler Thread - 1Ex[31May2025 20:36:32.514] [Craft Scheduler Thread - 1/INFO] [Console/]: [33;1m[[32;22mSkinsRestorer[33;1m] [0;39m[32;1m    |  [34;1m[4m[21mStandalone Mode[0;39m[32;1m |[0;39m
Craft Scheduler Thread - 1Ex[31May2025 20:36:32.514] [Craft Scheduler Thread - 1/INFO] [Console/]: [33;1m[[32;22mSkinsRestorer[33;1m] [0;39m[32;1m    +==================+[0;39m
Craft Scheduler Thread - 1Ex[31May2025 20:36:32.514] [Craft Scheduler Thread - 1/INFO] [Console/]: [33;1m[[32;22mSkinsRestorer[33;1m] [0;39m[32;1m----------------------------------------------[0;39m
Craft Scheduler Thread - 1Ex[31May2025 20:36:32.515] [Craft Scheduler Thread - 1/INFO] [Console/]: [33;1m[[32;22mSkinsRestorer[33;1m] [0;39m[36;1m    Version: [32;1m15.6.4[0;39m
Craft Scheduler Thread - 1Ex[31May2025 20:36:32.516] [Craft Scheduler Thread - 1/INFO] [Console/]: [33;1m[[32;22mSkinsRestorer[33;1m] [0;39m[36;1m    Commit: [32;1m7ee6269[0;39m
Craft Scheduler Thread - 1Ex[31May2025 20:36:32.516] [Craft Scheduler Thread - 1/INFO] [Console/]: [33;1m[[32;22mSkinsRestorer[33;1m] [0;39m[32;1m    This is the latest version![0;39m
Craft Scheduler Thread - 1Ex[31May2025 20:36:32.516] [Craft Scheduler Thread - 1/INFO] [Console/]: [33;1m[[32;22mSkinsRestorer[33;1m] [0;39m[32;1m----------------------------------------------[0;39m
Craft Scheduler Thread - 1Ex[31May2025 20:36:32.516] [Craft Scheduler Thread - 1/INFO] [Console/]: [33;1m[[32;22mSkinsRestorer[33;1m] [0;39m[34;1mDo you have issues? Read our troubleshooting guide: [33;1mhttps://skinsrestorer.net/docs/troubleshooting[0;39m
Craft Scheduler Thread - 1Ex[31May2025 20:36:32.516] [Craft Scheduler Thread - 1/INFO] [Console/]: [33;1m[[32;22mSkinsRestorer[33;1m] [0;39m[34;1mWant to support SkinsRestorer? Consider donating: [33;1mhttps://skinsrestorer.net/donate[0;39m
Craft Scheduler Thread - 1Ex[31May2025 20:36:32.666] [VoiceChatServerThread/ERROR] [voicechat/]: [voicechat] Failed to bind to address 'already-cms.gl.at.ply.gg', binding to wildcard IP instead
VoiceChatServerThreadEx[31May2025 20:36:32.667] [VoiceChatServerThread/INFO] [voicechat/]: [voicechat] Voice chat server started at already-cms.gl.at.ply.gg:3486
VoiceChatServerThreadEx[31May2025 20:36:33.093] [Craft Scheduler Thread - 1/INFO] [Console/]: [BetterRevive] Checking for updates...
Craft Scheduler Thread - 1Ex[31May2025 20:36:33.093] [Craft Scheduler Thread - 1/INFO] [Console/]: [BetterRevive] Plugin up-to-date! You have the latest version!
Craft Scheduler Thread - 1Ex[31May2025 20:36:40.271] [User Authenticator #1/INFO] [net.minecraft.class_3248/]: UUID of player Trejos1111 is a9438318-3f43-38b6-893d-7245ccfe2514
User Authenticator #1Ex[31May2025 20:36:41.228] [Server thread/INFO] [net.minecraft.class_3324/]: Trejos1111[/127.156.60.163:33177] logged in with entity id 26 at (558.2991512796008, 115.0, 1859.8515432521933)
Server threadEx[31May2025 20:36:41.381] [Server thread/INFO] [net.minecraft.server.MinecraftServer/]: Trejos1111 joined the game
Server threadEx[31May2025 20:36:42.668] [Server thread/INFO] [voicechat/]: [voicechat] Received secret request of Trejos1111 (18)
Server threadEx[31May2025 20:36:42.670] [Server thread/INFO] [voicechat/]: [voicechat] Sent secret to Trejos1111
Server threadEx[31May2025 20:36:42.886] [VoiceChatPacketProcessingThread/INFO] [voicechat/]: [voicechat] Successfully authenticated player a9438318-3f43-38b6-893d-7245ccfe2514
VoiceChatPacketProcessingThreadEx[31May2025 20:36:43.887] [VoiceChatPacketProcessingThread/INFO] [voicechat/]: [voicechat] Successfully validated connection of player a9438318-3f43-38b6-893d-7245ccfe2514
VoiceChatPacketProcessingThreadEx[31May2025 20:36:43.895] [VoiceChatPacketProcessingThread/INFO] [voicechat/]: [voicechat] Player Trejos1111 (a9438318-3f43-38b6-893d-7245ccfe2514) successfully connected to voice chat
VoiceChatPacketProcessingThreadEx[31May2025 20:37:47.972] [User Authenticator #2/INFO] [net.minecraft.class_3248/]: UUID of player xHARITOLx is 4cfbe52e-0a09-3353-afb1-a69812cf81a9
User Authenticator #2Ex[31May2025 20:37:49.834] [Server thread/INFO] [net.minecraft.class_3324/]: xHARITOLx[/127.247.36.85:60789] logged in with entity id 422 at (-1720.699999988079, 123.5625, -4703.300000011921)
Server threadEx[31May2025 20:37:49.841] [Server thread/INFO] [net.minecraft.server.MinecraftServer/]: xHARITOLx joined the game
Server threadEx[31May2025 20:37:54.704] [Server thread/INFO] [voicechat/]: [voicechat] Received secret request of xHARITOLx (18)
Server threadEx[31May2025 20:37:54.704] [Server thread/INFO] [voicechat/]: [voicechat] Sent secret to xHARITOLx
Server threadEx[31May2025 20:37:57.250] [VoiceChatPacketProcessingThread/INFO] [voicechat/]: [voicechat] Successfully authenticated player 4cfbe52e-0a09-3353-afb1-a69812cf81a9
VoiceChatPacketProcessingThreadEx[31May2025 20:37:58.246] [VoiceChatPacketProcessingThread/INFO] [voicechat/]: [voicechat] Successfully validated connection of player 4cfbe52e-0a09-3353-afb1-a69812cf81a9
VoiceChatPacketProcessingThreadEx[31May2025 20:37:58.246] [VoiceChatPacketProcessingThread/INFO] [voicechat/]: [voicechat] Player xHARITOLx (4cfbe52e-0a09-3353-afb1-a69812cf81a9) successfully connected to voice chat
VoiceChatPacketProcessingThreadEx[31May2025 20:38:07.312] [Server thread/INFO] [net.minecraft.class_3244/]: Trejos1111 issued server command: /tp Trejos1111 xHARITOLx
Server threadEx[31May2025 20:38:07.332] [Server thread/INFO] [net.minecraft.server.MinecraftServer/]: [Trejos1111: Teleported Trejos1111 to xHARITOLx]
Server threadEx[31May2025 20:38:39.283] [Async Chat Thread - #0/INFO] [net.minecraft.server.MinecraftServer/]: [Not Secure] <xHARITOLx> que tal mis tierras
Async Chat Thread - #0Ex[31May2025 20:38:51.865] [Async Chat Thread - #1/INFO] [net.minecraft.server.MinecraftServer/]: [Not Secure] <Trejos1111> me escucha?
Async Chat Thread - #1Ex[31May2025 20:38:59.661] [Async Chat Thread - #0/INFO] [net.minecraft.server.MinecraftServer/]: [Not Secure] <xHARITOLx> no , espere que tengo eso desconectado..
Async Chat Thread - #0Ex[31May2025 20:39:25.537] [Async Chat Thread - #1/INFO] [net.minecraft.server.MinecraftServer/]: [Not Secure] <Trejos1111> le tengo que decir algo
Async Chat Thread - #1Ex[31May2025 20:40:10.693] [Async Chat Thread - #0/INFO] [net.minecraft.server.MinecraftServer/]: [Not Secure] <xHARITOLx> pere, ya estoy solucionando
Async Chat Thread - #0Ex[31May2025 20:41:33.151] [Async Chat Thread - #3/INFO] [net.minecraft.server.MinecraftServer/]: [Not Secure] <xHARITOLx> perep, yo si,
Async Chat Thread - #3Ex[31May2025 20:41:44.148] [Async Chat Thread - #2/INFO] [net.minecraft.server.MinecraftServer/]: [Not Secure] <xHARITOLx> si
Async Chat Thread - #2Ex[31May2025 20:41:53.617] [Async Chat Thread - #3/INFO] [net.minecraft.server.MinecraftServer/]: [Not Secure] <xHARITOLx> voy
Async Chat Thread - #3Ex[31May2025 20:42:10.069] [Async Chat Thread - #2/INFO] [net.minecraft.server.MinecraftServer/]: [Not Secure] <xHARITOLx> a ahh ok ok
Async Chat Thread - #2Ex[31May2025 20:42:22.641] [Async Chat Thread - #3/INFO] [net.minecraft.server.MinecraftServer/]: [Not Secure] <xHARITOLx> sirtve tenerlas como waypoint en el xaerois
Async Chat Thread - #3Ex[31May2025 20:42:24.927] [Async Chat Thread - #2/INFO] [net.minecraft.server.MinecraftServer/]: [Not Secure] <xHARITOLx> ??
Async Chat Thread - #2Ex[31May2025 20:42:31.480] [Async Chat Thread - #3/INFO] [net.minecraft.server.MinecraftServer/]: [Not Secure] <xHARITOLx> ahn ok
Async Chat Thread - #3Ex[31May2025 20:43:00.841] [Async Chat Thread - #2/INFO] [net.minecraft.server.MinecraftServer/]: [Not Secure] <xHARITOLx> SI VI, EL BETTER MAGIC
Async Chat Thread - #2Ex[31May2025 20:43:11.716] [Async Chat Thread - #3/INFO] [net.minecraft.server.MinecraftServer/]: [Not Secure] <xHARITOLx> ahh listo
Async Chat Thread - #3Ex[31May2025 20:43:20.026] [Async Chat Thread - #2/INFO] [net.minecraft.server.MinecraftServer/]: [Not Secure] <xHARITOLx> dele pues, gracias por la info
Async Chat Thread - #2Ex[31May2025 20:43:24.459] [Server thread/INFO] [net.minecraft.class_3244/]: Trejos1111 issued server command: /back
Server threadEx[31May2025 20:43:34.702] [Server thread/INFO] [net.minecraft.class_3244/]: Trejos1111 issued server command: /back
Server threadEx[31May2025 20:43:58.091] [Async Chat Thread - #3/INFO] [net.minecraft.server.MinecraftServer/]: [Not Secure] <xHARITOLx> ahhh listo... ps no tengo amigos pero ok
Async Chat Thread - #3Ex[31May2025 20:44:00.987] [Server thread/INFO] [net.minecraft.class_3244/]: Trejos1111 issued server command: /back
Server threadEx[31May2025 20:44:29.198] [Server thread/INFO] [net.minecraft.class_3244/]: xHARITOLx issued server command: /homes
Server threadEx[31May2025 20:44:54.688] [Server thread/INFO] [net.minecraft.class_3244/]: xHARITOLx issued server command: /help homes
Server threadEx[31May2025 20:44:59.504] [Server thread/INFO] [net.minecraft.class_3244/]: Trejos1111 issued server command: /back
Server threadEx[31May2025 20:45:07.305] [Async Chat Thread - #5/INFO] [net.minecraft.server.MinecraftServer/]: [Not Secure] <xHARITOLx> jajaj
Async Chat Thread - #5Ex[31May2025 20:45:12.144] [Async Chat Thread - #4/INFO] [net.minecraft.server.MinecraftServer/]: [Not Secure] <xHARITOLx> de pvpv?, NOOOO
Async Chat Thread - #4Ex[31May2025 20:45:12.252] [Server thread/INFO] [net.minecraft.class_3244/]: Trejos1111 issued server command: /back
Server threadEx[31May2025 20:45:16.731] [Async Chat Thread - #4/INFO] [net.minecraft.server.MinecraftServer/]: [Not Secure] <Trejos1111> si
Async Chat Thread - #4Ex[31May2025 20:45:25.696] [Async Chat Thread - #5/INFO] [net.minecraft.server.MinecraftServer/]: [Not Secure] <xHARITOLx> soy mero manco
Async Chat Thread - #5Ex[31May2025 20:45:58.557] [Async Chat Thread - #4/INFO] [net.minecraft.server.MinecraftServer/]: [Not Secure] <Trejos1111> lo pongo con algien pro
Async Chat Thread - #4Ex[31May2025 20:46:13.211] [Async Chat Thread - #5/INFO] [net.minecraft.server.MinecraftServer/]: [Not Secure] <Trejos1111> alguien
Async Chat Thread - #5Ex[31May2025 20:46:26.093] [Async Chat Thread - #4/INFO] [net.minecraft.server.MinecraftServer/]: [Not Secure] <xHARITOLx> eso
Async Chat Thread - #4Ex[31May2025 20:48:49.300] [Server thread/INFO] [net.minecraft.class_3244/]: Trejos1111 issued server command: /homes
Server threadEx[31May2025 20:49:40.367] [Server thread/INFO] [net.minecraft.class_3244/]: xHARITOLx issued server command: /mods
Server threadEx[31May2025 20:49:47.466] [Server thread/INFO] [net.minecraft.class_3244/]: Trejos1111 issued server command: /tp @s -380 63.5 -410
Server threadEx[31May2025 20:49:47.902] [Server thread/INFO] [net.minecraft.server.MinecraftServer/]: [Trejos1111: Teleported Trejos1111 to -379.500000, 63.500000, -409.500000]
Server threadEx[31May2025 20:49:55.916] [Server thread/INFO] [net.minecraft.class_3244/]: Trejos1111 issued server command: /gamemode spectator
Server threadEx[31May2025 20:49:55.917] [Server thread/INFO] [net.minecraft.server.MinecraftServer/]: [Trejos1111: Set own game mode to Spectator Mode]
Server threadEx[31May2025 20:50:42.323] [Server thread/INFO] [net.minecraft.class_3244/]: Trejos1111 issued server command: /gamemode survival
Server threadEx[31May2025 20:50:42.326] [Server thread/INFO] [net.minecraft.server.MinecraftServer/]: [Trejos1111: Set own game mode to Survival Mode]
Server threadEx[31May2025 20:50:57.618] [Server thread/INFO] [net.minecraft.class_3244/]: Trejos1111 issued server command: /sethome bace 2
Server threadEx[31May2025 20:51:01.712] [Server thread/INFO] [net.minecraft.class_3244/]: Trejos1111 issued server command: /sethome bace_2
Server threadEx[31May2025 20:52:04.978] [Server thread/INFO] [net.minecraft.class_3244/]: Trejos1111 issued server command: /effect clear Trejos1111
Server threadEx[31May2025 20:52:04.980] [Server thread/INFO] [net.minecraft.server.MinecraftServer/]: [Trejos1111: Removed every effect from Trejos1111]
Server threadEx[31May2025 20:52:10.608] [Async Chat Thread - #7/INFO] [net.minecraft.server.MinecraftServer/]: [Not Secure] <xHARITOLx> a qaue horas es el evento?
Async Chat Thread - #7Ex[31May2025 20:52:17.757] [Async Chat Thread - #6/INFO] [net.minecraft.server.MinecraftServer/]: [Not Secure] <xHARITOLx> me surgio algo urgente
Async Chat Thread - #6Ex[31May2025 20:52:31.839] [Server thread/INFO] [net.minecraft.class_3244/]: xHARITOLx lost connection: Disconnected
Server threadEx[31May2025 20:52:31.841] [Server thread/INFO] [voicechat/]: [voicechat] Disconnecting client xHARITOLx
Server threadEx[31May2025 20:52:31.853] [Server thread/INFO] [net.minecraft.server.MinecraftServer/]: xHARITOLx left the game
Server threadEx[31May2025 20:55:23.765] [User Authenticator #3/INFO] [net.minecraft.class_3248/]: UUID of player RICHARDESC207 is 28a214db-3f8e-3c87-a1f8-75c3acbe8cd0
User Authenticator #3Ex[31May2025 20:55:25.381] [Server thread/INFO] [net.minecraft.class_3324/]: RICHARDESC207[/127.42.195.91:34953] logged in with entity id 5061 at (-339.90978518272806, 49.0, -991.5521173255299)
Server threadEx[31May2025 20:55:25.389] [Server thread/INFO] [net.minecraft.server.MinecraftServer/]: RICHARDESC207 joined the game
Server threadEx[31May2025 20:55:26.308] [Server thread/INFO] [voicechat/]: [voicechat] Received secret request of RICHARDESC207 (18)
Server threadEx[31May2025 20:55:26.309] [Server thread/INFO] [voicechat/]: [voicechat] Sent secret to RICHARDESC207
Server threadEx[31May2025 20:55:26.542] [VoiceChatPacketProcessingThread/INFO] [voicechat/]: [voicechat] Successfully authenticated player 28a214db-3f8e-3c87-a1f8-75c3acbe8cd0
VoiceChatPacketProcessingThreadEx[31May2025 20:55:27.547] [VoiceChatPacketProcessingThread/INFO] [voicechat/]: [voicechat] Successfully validated connection of player 28a214db-3f8e-3c87-a1f8-75c3acbe8cd0
VoiceChatPacketProcessingThreadEx[31May2025 20:55:27.548] [VoiceChatPacketProcessingThread/INFO] [voicechat/]: [voicechat] Player RICHARDESC207 (28a214db-3f8e-3c87-a1f8-75c3acbe8cd0) successfully connected to voice chat
VoiceChatPacketProcessingThreadEx[31May2025 20:55:41.945] [Async Chat Thread - #9/INFO] [net.minecraft.server.MinecraftServer/]: [Not Secure] <RICHARDESC207> que se dice el trejos
Async Chat Thread - #9Ex[31May2025 20:55:51.658] [VoiceChatPacketProcessingThread/INFO] [voicechat/]: [voicechat] Player 28a214db-3f8e-3c87-a1f8-75c3acbe8cd0 timed out
VoiceChatPacketProcessingThreadEx[31May2025 20:55:51.658] [VoiceChatPacketProcessingThread/INFO] [voicechat/]: [voicechat] Reconnecting player RICHARDESC207
VoiceChatPacketProcessingThreadEx[31May2025 20:55:51.659] [VoiceChatPacketProcessingThread/INFO] [voicechat/]: [voicechat] Sent secret to RICHARDESC207
VoiceChatPacketProcessingThreadEx[31May2025 20:55:51.825] [VoiceChatPacketProcessingThread/INFO] [voicechat/]: [voicechat] Successfully authenticated player 28a214db-3f8e-3c87-a1f8-75c3acbe8cd0
VoiceChatPacketProcessingThreadEx[31May2025 20:55:52.826] [VoiceChatPacketProcessingThread/INFO] [voicechat/]: [voicechat] Successfully validated connection of player 28a214db-3f8e-3c87-a1f8-75c3acbe8cd0
VoiceChatPacketProcessingThreadEx[31May2025 20:55:52.826] [VoiceChatPacketProcessingThread/INFO] [voicechat/]: [voicechat] Player RICHARDESC207 (28a214db-3f8e-3c87-a1f8-75c3acbe8cd0) successfully connected to voice chat
VoiceChatPacketProcessingThreadEx[31May2025 20:56:17.814] [VoiceChatPacketProcessingThread/INFO] [voicechat/]: [voicechat] Player 28a214db-3f8e-3c87-a1f8-75c3acbe8cd0 timed out
VoiceChatPacketProcessingThreadEx[31May2025 20:56:17.814] [VoiceChatPacketProcessingThread/INFO] [voicechat/]: [voicechat] Reconnecting player RICHARDESC207
VoiceChatPacketProcessingThreadEx[31May2025 20:56:17.814] [VoiceChatPacketProcessingThread/INFO] [voicechat/]: [voicechat] Sent secret to RICHARDESC207
VoiceChatPacketProcessingThreadEx[31May2025 20:56:17.983] [VoiceChatPacketProcessingThread/INFO] [voicechat/]: [voicechat] Successfully authenticated player 28a214db-3f8e-3c87-a1f8-75c3acbe8cd0
VoiceChatPacketProcessingThreadEx[31May2025 20:56:18.993] [VoiceChatPacketProcessingThread/INFO] [voicechat/]: [voicechat] Successfully validated connection of player 28a214db-3f8e-3c87-a1f8-75c3acbe8cd0
VoiceChatPacketProcessingThreadEx[31May2025 20:56:18.993] [VoiceChatPacketProcessingThread/INFO] [voicechat/]: [voicechat] Player RICHARDESC207 (28a214db-3f8e-3c87-a1f8-75c3acbe8cd0) successfully connected to voice chat
VoiceChatPacketProcessingThreadEx[31May2025 20:56:44.980] [VoiceChatPacketProcessingThread/INFO] [voicechat/]: [voicechat] Player 28a214db-3f8e-3c87-a1f8-75c3acbe8cd0 timed out
VoiceChatPacketProcessingThreadEx[31May2025 20:56:44.980] [VoiceChatPacketProcessingThread/INFO] [voicechat/]: [voicechat] Reconnecting player RICHARDESC207
VoiceChatPacketProcessingThreadEx[31May2025 20:56:44.981] [VoiceChatPacketProcessingThread/INFO] [voicechat/]: [voicechat] Sent secret to RICHARDESC207
VoiceChatPacketProcessingThreadEx[31May2025 20:56:45.129] [VoiceChatPacketProcessingThread/INFO] [voicechat/]: [voicechat] Successfully authenticated player 28a214db-3f8e-3c87-a1f8-75c3acbe8cd0
VoiceChatPacketProcessingThreadEx[31May2025 20:56:46.133] [VoiceChatPacketProcessingThread/INFO] [voicechat/]: [voicechat] Successfully validated connection of player 28a214db-3f8e-3c87-a1f8-75c3acbe8cd0
VoiceChatPacketProcessingThreadEx[31May2025 20:56:46.133] [VoiceChatPacketProcessingThread/INFO] [voicechat/]: [voicechat] Player RICHARDESC207 (28a214db-3f8e-3c87-a1f8-75c3acbe8cd0) successfully connected to voice chat
VoiceChatPacketProcessingThreadEx[31May2025 20:57:27.251] [VoiceChatPacketProcessingThread/INFO] [voicechat/]: [voicechat] Player 28a214db-3f8e-3c87-a1f8-75c3acbe8cd0 timed out
VoiceChatPacketProcessingThreadEx[31May2025 20:57:27.251] [VoiceChatPacketProcessingThread/INFO] [voicechat/]: [voicechat] Reconnecting player RICHARDESC207
VoiceChatPacketProcessingThreadEx[31May2025 20:57:27.251] [VoiceChatPacketProcessingThread/INFO] [voicechat/]: [voicechat] Sent secret to RICHARDESC207
VoiceChatPacketProcessingThreadEx[31May2025 20:57:27.475] [VoiceChatPacketProcessingThread/INFO] [voicechat/]: [voicechat] Successfully authenticated player 28a214db-3f8e-3c87-a1f8-75c3acbe8cd0
VoiceChatPacketProcessingThreadEx[31May2025 20:57:28.479] [VoiceChatPacketProcessingThread/INFO] [voicechat/]: [voicechat] Successfully validated connection of player 28a214db-3f8e-3c87-a1f8-75c3acbe8cd0
VoiceChatPacketProcessingThreadEx[31May2025 20:57:28.479] [VoiceChatPacketProcessingThread/INFO] [voicechat/]: [voicechat] Player RICHARDESC207 (28a214db-3f8e-3c87-a1f8-75c3acbe8cd0) successfully connected to voice chat
VoiceChatPacketProcessingThreadEx[31May2025 20:59:52.529] [Server thread/WARN] [net.minecraft.class_3244/]: Trejos1111 moved wrongly!
Server threadEx[31May2025 21:05:54.189] [Server thread/WARN] [net.minecraft.class_3244/]: Trejos1111 moved wrongly!
Server threadEx[31May2025 21:06:54.293] [Server thread/INFO] [net.minecraft.server.MinecraftServer/]: Trejos1111 has made the advancement [Those Were the Days]
Server threadEx